[36mINFO[0m[0000] Starting Statping v0.93.0                     [36mtype[0m=cmd
[36mINFO[0m[0000] Attempting to read config file at: /opt/statping/config.yml  [36mtype[0m=configs
[36mINFO[0m[0000] Database mysql connection was successful.     [36mtype[0m=configs
[36mINFO[0m[0000] Migrating Database Tables...                  [36mtype[0m=configs
[36mINFO[0m[0000] Migrating App to version: v0.93.0 (c02149f0a5f67fec1e60cfa3537478cd50899b15)  [36mtype[0m=configs
[36mINFO[0m[0000] Statping Database Tables Migrated             [36mtype[0m=configs
[36mINFO[0m[0000] Database Indexes Created                      [36mtype[0m=configs
[36mINFO[0m[0000] Error Reporting initiated, thank you!        
[36mINFO[0m[0000] Starting monitoring process for 10 Services   [36mtype[0m=service
[36mINFO[0m[0000] Statping HTTP Server running on http://0.0.0.0:8080/  [36mtype[0m=handlers
[36mINFO[0m[0000] Database Cleanup runs every 1h0m0s and will remove records older than 2160h0m0s  [36mtype[0m=database
[33mWARN[0m[0001] Service ns1.rhscz.eu ipv4 Failing: Could not send ICMP to service 144.21.42.190, socket: permission denied | Lookup in: 0 ms  [33mtype[0m=service
[33mWARN[0m[0001] Service rhscz.eu ipv4 Failing: Could not send ICMP to service 143.47.183.89, socket: permission denied | Lookup in: 0 ms  [33mtype[0m=service
[33mWARN[0m[0002] Service rhscz.eu ipv6 Failing: Could not send ICMP to service 2603:c022:c003:5500::1:1, socket: permission denied | Lookup in: 0 ms  [33mtype[0m=service
[33mWARN[0m[0002] Service ns1.rhscz.eu ipv6 Failing: Could not send ICMP to service 2603:c022:c003:5500::1:2, socket: permission denied | Lookup in: 0 ms  [33mtype[0m=service
[33mWARN[0m[0002] Service mail.rhscz.eu ipv6 Failing: Could not send ICMP to service 2a03:3b40:25::1, socket: permission denied | Lookup in: 0 ms  [33mtype[0m=service
[33mWARN[0m[0002] Service ns2.rhscz.eu ipv4 Failing: Could not send ICMP to service 193.123.34.149, socket: permission denied | Lookup in: 0 ms  [33mtype[0m=service
[33mWARN[0m[0002] Service mail.rhscz.eu ipv4 Failing: Could not send ICMP to service 37.205.9.7, socket: permission denied | Lookup in: 0 ms  [33mtype[0m=service
[33mWARN[0m[0002] Service ns2.rhscz.eu ipv6 Failing: Could not send ICMP to service 2603:c022:c003:5500::1:3, socket: permission denied | Lookup in: 0 ms  [33mtype[0m=service
[36mINFO[0m[0002] Service #18 'search.rhscz.eu' Successful Response: 115 ms | Lookup in: 21 ms | Online: true | Interval: 320 seconds  [36mtype[0m=service
[36mINFO[0m[0002] Service #19 'searx.rhscz.eu' Successful Response: 37 ms | Lookup in: 22 ms | Online: true | Interval: 320 seconds  [36mtype[0m=service
[36mINFO[0m[0006] / (GET) | IP: status.rhscz.eu                 [36mload_micro_seconds[0m=2999 [36mmethod[0m=GET [36mtype[0m=handlers [36murl[0m=/
[36mINFO[0m[0006] /js/bundle.js (GET) | IP: status.rhscz.eu     [36mload_micro_seconds[0m=4704 [36mmethod[0m=GET [36mtype[0m=handlers [36murl[0m=/js/bundle.js
[36mINFO[0m[0006] /js/polyfill.chunk.js (GET) | IP: status.rhscz.eu  [36mload_micro_seconds[0m=4448 [36mmethod[0m=GET [36mtype[0m=handlers [36murl[0m=/js/polyfill.chunk.js
[36mINFO[0m[0006] /css/vendor.css (GET) | IP: status.rhscz.eu   [36mload_micro_seconds[0m=7831 [36mmethod[0m=GET [36mtype[0m=handlers [36murl[0m=/css/vendor.css
[36mINFO[0m[0006] /js/main.chunk.js (GET) | IP: status.rhscz.eu  [36mload_micro_seconds[0m=4764 [36mmethod[0m=GET [36mtype[0m=handlers [36murl[0m=/js/main.chunk.js
[36mINFO[0m[0006] /js/vendor.chunk.js (GET) | IP: status.rhscz.eu  [36mload_micro_seconds[0m=11900 [36mmethod[0m=GET [36mtype[0m=handlers [36murl[0m=/js/vendor.chunk.js
[36mINFO[0m[0006] /js/style.chunk.js (GET) | IP: status.rhscz.eu  [36mload_micro_seconds[0m=37 [36mmethod[0m=GET [36mtype[0m=handlers [36murl[0m=/js/style.chunk.js
[36mINFO[0m[0006] /js/dashboard~index.chunk.js (GET) | IP: status.rhscz.eu  [36mload_micro_seconds[0m=292 [36mmethod[0m=GET [36mtype[0m=handlers [36murl[0m="/js/dashboard~index.chunk.js"
[36mINFO[0m[0006] /css/style.css (GET) | IP: status.rhscz.eu    [36mload_micro_seconds[0m=3481 [36mmethod[0m=GET [36mtype[0m=handlers [36murl[0m=/css/style.css
[36mINFO[0m[0006] /css/index.css (GET) | IP: status.rhscz.eu    [36mload_micro_seconds[0m=452 [36mmethod[0m=GET [36mtype[0m=handlers [36murl[0m=/css/index.css
[36mINFO[0m[0006] /js/index.chunk.js (GET) | IP: status.rhscz.eu  [36mload_micro_seconds[0m=2691 [36mmethod[0m=GET [36mtype[0m=handlers [36murl[0m=/js/index.chunk.js
[36mINFO[0m[0007] /api (GET) | IP: status.rhscz.eu              [36mload_micro_seconds[0m=979 [36mmethod[0m=GET [36mtype[0m=handlers [36murl[0m=/api
[36mINFO[0m[0007] /api/groups (GET) | IP: status.rhscz.eu       [36mload_micro_seconds[0m=1804 [36mmethod[0m=GET [36mtype[0m=handlers [36murl[0m=/api/groups
[36mINFO[0m[0007] /api/services (GET) | IP: status.rhscz.eu     [36mload_micro_seconds[0m=165316 [36mmethod[0m=GET [36mtype[0m=handlers [36murl[0m=/api/services
[36mINFO[0m[0007] /api/messages (GET) | IP: status.rhscz.eu     [36mload_micro_seconds[0m=560 [36mmethod[0m=GET [36mtype[0m=handlers [36murl[0m=/api/messages
[36mINFO[0m[0007] /js/dashboard~service.chunk.js (GET) | IP: status.rhscz.eu  [36mload_micro_seconds[0m=151 [36mmethod[0m=GET [36mtype[0m=handlers [36murl[0m="/js/dashboard~service.chunk.js"
[36mINFO[0m[0007] /js/service.chunk.js (GET) | IP: status.rhscz.eu  [36mload_micro_seconds[0m=153 [36mmethod[0m=GET [36mtype[0m=handlers [36murl[0m=/js/service.chunk.js
[36mINFO[0m[0007] /api/services/18/incidents (GET) | IP: status.rhscz.eu  [36mload_micro_seconds[0m=2674 [36mmethod[0m=GET [36mtype[0m=handlers [36murl[0m=/api/services/18/incidents
[36mINFO[0m[0007] /api/services/19/incidents (GET) | IP: status.rhscz.eu  [36mload_micro_seconds[0m=1945 [36mmethod[0m=GET [36mtype[0m=handlers [36murl[0m=/api/services/19/incidents
[36mINFO[0m[0007] /api/services/11/incidents (GET) | IP: status.rhscz.eu  [36mload_micro_seconds[0m=4067 [36mmethod[0m=GET [36mtype[0m=handlers [36murl[0m=/api/services/11/incidents
[36mINFO[0m[0007] /api/services/10/incidents (GET) | IP: status.rhscz.eu  [36mload_micro_seconds[0m=4434 [36mmethod[0m=GET [36mtype[0m=handlers [36murl[0m=/api/services/10/incidents
[36mINFO[0m[0007] /api/services/12/incidents (GET) | IP: status.rhscz.eu  [36mload_micro_seconds[0m=4255 [36mmethod[0m=GET [36mtype[0m=handlers [36murl[0m=/api/services/12/incidents
[36mINFO[0m[0007] /api/services/13/incidents (GET) | IP: status.rhscz.eu  [36mload_micro_seconds[0m=3964 [36mmethod[0m=GET [36mtype[0m=handlers [36murl[0m=/api/services/13/incidents
[36mINFO[0m[0007] /api/services/14/incidents (GET) | IP: status.rhscz.eu  [36mload_micro_seconds[0m=6710 [36mmethod[0m=GET [36mtype[0m=handlers [36murl[0m=/api/services/14/incidents
[36mINFO[0m[0007] /api/services/15/incidents (GET) | IP: status.rhscz.eu  [36mload_micro_seconds[0m=4932 [36mmethod[0m=GET [36mtype[0m=handlers [36murl[0m=/api/services/15/incidents
[36mINFO[0m[0007] /api/services/16/incidents (GET) | IP: status.rhscz.eu  [36mload_micro_seconds[0m=4145 [36mmethod[0m=GET [36mtype[0m=handlers [36murl[0m=/api/services/16/incidents
[36mINFO[0m[0007] /api/services/17/incidents (GET) | IP: status.rhscz.eu  [36mload_micro_seconds[0m=4167 [36mmethod[0m=GET [36mtype[0m=handlers [36murl[0m=/api/services/17/incidents
[36mINFO[0m[0007] /api/services/19/failure_data?start=1747260000&end=1755208799&group=24h&fill=true (GET) | IP: status.rhscz.eu  [36mload_micro_seconds[0m=4081 [36mmethod[0m=GET [36mtype[0m=handlers [36murl[0m="/api/services/19/failure_data?start=1747260000&end=1755208799&group=24h&fill=true"
[36mINFO[0m[0007] /api/services/18/failure_data?start=1747260000&end=1755208799&group=24h&fill=true (GET) | IP: status.rhscz.eu  [36mload_micro_seconds[0m=4475 [36mmethod[0m=GET [36mtype[0m=handlers [36murl[0m="/api/services/18/failure_data?start=1747260000&end=1755208799&group=24h&fill=true"
[36mINFO[0m[0007] /api/services/12/failure_data?start=1747260000&end=1755208799&group=24h&fill=true (GET) | IP: status.rhscz.eu  [36mload_micro_seconds[0m=5434 [36mmethod[0m=GET [36mtype[0m=handlers [36murl[0m="/api/services/12/failure_data?start=1747260000&end=1755208799&group=24h&fill=true"
[36mINFO[0m[0007] /api/services/11/failure_data?start=1747260000&end=1755208799&group=24h&fill=true (GET) | IP: status.rhscz.eu  [36mload_micro_seconds[0m=5474 [36mmethod[0m=GET [36mtype[0m=handlers [36murl[0m="/api/services/11/failure_data?start=1747260000&end=1755208799&group=24h&fill=true"
[36mINFO[0m[0007] /api/oauth (GET) | IP: status.rhscz.eu        [36mload_micro_seconds[0m=80 [36mmethod[0m=GET [36mtype[0m=handlers [36murl[0m=/api/oauth
[36mINFO[0m[0009] /api/services/10/failure_data?start=1747260000&end=1755208799&group=24h&fill=true (GET) | IP: status.rhscz.eu  [36mload_micro_seconds[0m=4154 [36mmethod[0m=GET [36mtype[0m=handlers [36murl[0m="/api/services/10/failure_data?start=1747260000&end=1755208799&group=24h&fill=true"
[36mINFO[0m[0009] /api/services/14/failure_data?start=1747260000&end=1755208799&group=24h&fill=true (GET) | IP: status.rhscz.eu  [36mload_micro_seconds[0m=3376 [36mmethod[0m=GET [36mtype[0m=handlers [36murl[0m="/api/services/14/failure_data?start=1747260000&end=1755208799&group=24h&fill=true"
[36mINFO[0m[0009] /api/services/13/failure_data?start=1747260000&end=1755208799&group=24h&fill=true (GET) | IP: status.rhscz.eu  [36mload_micro_seconds[0m=3251 [36mmethod[0m=GET [36mtype[0m=handlers [36murl[0m="/api/services/13/failure_data?start=1747260000&end=1755208799&group=24h&fill=true"
[36mINFO[0m[0009] /api/services/15/failure_data?start=1747260000&end=1755208799&group=24h&fill=true (GET) | IP: status.rhscz.eu  [36mload_micro_seconds[0m=4857 [36mmethod[0m=GET [36mtype[0m=handlers [36murl[0m="/api/services/15/failure_data?start=1747260000&end=1755208799&group=24h&fill=true"
[36mINFO[0m[0009] /api/services/16/failure_data?start=1747260000&end=1755208799&group=24h&fill=true (GET) | IP: status.rhscz.eu  [36mload_micro_seconds[0m=3500 [36mmethod[0m=GET [36mtype[0m=handlers [36murl[0m="/api/services/16/failure_data?start=1747260000&end=1755208799&group=24h&fill=true"
[36mINFO[0m[0010] /api/services/17/failure_data?start=1747260000&end=1755208799&group=24h&fill=true (GET) | IP: status.rhscz.eu  [36mload_micro_seconds[0m=4390 [36mmethod[0m=GET [36mtype[0m=handlers [36murl[0m="/api/services/17/failure_data?start=1747260000&end=1755208799&group=24h&fill=true"
[36mINFO[0m[0010] /api/services/18/hits_data?start=1754838000&end=1755100799&group=60m&fill=false (GET) | IP: status.rhscz.eu  [36mload_micro_seconds[0m=3146 [36mmethod[0m=GET [36mtype[0m=handlers [36murl[0m="/api/services/18/hits_data?start=1754838000&end=1755100799&group=60m&fill=false"
[36mINFO[0m[0010] /api/services/18/ping_data?start=1754838000&end=1755100799&group=60m&fill=false (GET) | IP: status.rhscz.eu  [36mload_micro_seconds[0m=3556 [36mmethod[0m=GET [36mtype[0m=handlers [36murl[0m="/api/services/18/ping_data?start=1754838000&end=1755100799&group=60m&fill=false"
[36mINFO[0m[0016] / (GET) | IP: status.rhscz.eu                 [36mload_micro_seconds[0m=585 [36mmethod[0m=GET [36mtype[0m=handlers [36murl[0m=/
[36mINFO[0m[0016] /api (GET) | IP: status.rhscz.eu              [36mload_micro_seconds[0m=96 [36mmethod[0m=GET [36mtype[0m=handlers [36murl[0m=/api
[36mINFO[0m[0016] /api/groups (GET) | IP: status.rhscz.eu       [36mload_micro_seconds[0m=832 [36mmethod[0m=GET [36mtype[0m=handlers [36murl[0m=/api/groups
[36mINFO[0m[0017] /api/services (GET) | IP: status.rhscz.eu     [36mload_micro_seconds[0m=113828 [36mmethod[0m=GET [36mtype[0m=handlers [36murl[0m=/api/services
[36mINFO[0m[0017] /api/messages (GET) | IP: status.rhscz.eu     [36mload_micro_seconds[0m=495 [36mmethod[0m=GET [36mtype[0m=handlers [36murl[0m=/api/messages
[36mINFO[0m[0017] /api/services/18/incidents (GET) | IP: status.rhscz.eu  [36mload_micro_seconds[0m=2570 [36mmethod[0m=GET [36mtype[0m=handlers [36murl[0m=/api/services/18/incidents
[36mINFO[0m[0017] /api/services/19/incidents (GET) | IP: status.rhscz.eu  [36mload_micro_seconds[0m=3253 [36mmethod[0m=GET [36mtype[0m=handlers [36murl[0m=/api/services/19/incidents
[36mINFO[0m[0017] /api/services/11/incidents (GET) | IP: status.rhscz.eu  [36mload_micro_seconds[0m=2665 [36mmethod[0m=GET [36mtype[0m=handlers [36murl[0m=/api/services/11/incidents
[36mINFO[0m[0017] /api/services/14/incidents (GET) | IP: status.rhscz.eu  [36mload_micro_seconds[0m=3566 [36mmethod[0m=GET [36mtype[0m=handlers [36murl[0m=/api/services/14/incidents
[36mINFO[0m[0017] /api/services/10/incidents (GET) | IP: status.rhscz.eu  [36mload_micro_seconds[0m=3260 [36mmethod[0m=GET [36mtype[0m=handlers [36murl[0m=/api/services/10/incidents
[36mINFO[0m[0017] /api/services/12/incidents (GET) | IP: status.rhscz.eu  [36mload_micro_seconds[0m=3757 [36mmethod[0m=GET [36mtype[0m=handlers [36murl[0m=/api/services/12/incidents
[36mINFO[0m[0017] /api/services/15/incidents (GET) | IP: status.rhscz.eu  [36mload_micro_seconds[0m=3757 [36mmethod[0m=GET [36mtype[0m=handlers [36murl[0m=/api/services/15/incidents
[36mINFO[0m[0017] /api/services/16/incidents (GET) | IP: status.rhscz.eu  [36mload_micro_seconds[0m=4242 [36mmethod[0m=GET [36mtype[0m=handlers [36murl[0m=/api/services/16/incidents
[36mINFO[0m[0017] /api/services/13/incidents (GET) | IP: status.rhscz.eu  [36mload_micro_seconds[0m=4429 [36mmethod[0m=GET [36mtype[0m=handlers [36murl[0m=/api/services/13/incidents
[36mINFO[0m[0017] /api/services/17/incidents (GET) | IP: status.rhscz.eu  [36mload_micro_seconds[0m=2836 [36mmethod[0m=GET [36mtype[0m=handlers [36murl[0m=/api/services/17/incidents
[36mINFO[0m[0017] /api/oauth (GET) | IP: status.rhscz.eu        [36mload_micro_seconds[0m=86 [36mmethod[0m=GET [36mtype[0m=handlers [36murl[0m=/api/oauth
[36mINFO[0m[0017] /api/services/19/failure_data?start=1747260000&end=1755208799&group=24h&fill=true (GET) | IP: status.rhscz.eu  [36mload_micro_seconds[0m=3679 [36mmethod[0m=GET [36mtype[0m=handlers [36murl[0m="/api/services/19/failure_data?start=1747260000&end=1755208799&group=24h&fill=true"
[36mINFO[0m[0017] /api/services/18/failure_data?start=1747260000&end=1755208799&group=24h&fill=true (GET) | IP: status.rhscz.eu  [36mload_micro_seconds[0m=4958 [36mmethod[0m=GET [36mtype[0m=handlers [36murl[0m="/api/services/18/failure_data?start=1747260000&end=1755208799&group=24h&fill=true"
[36mINFO[0m[0017] /api/services/12/failure_data?start=1747260000&end=1755208799&group=24h&fill=true (GET) | IP: status.rhscz.eu  [36mload_micro_seconds[0m=4255 [36mmethod[0m=GET [36mtype[0m=handlers [36murl[0m="/api/services/12/failure_data?start=1747260000&end=1755208799&group=24h&fill=true"
[36mINFO[0m[0017] /api/services/11/failure_data?start=1747260000&end=1755208799&group=24h&fill=true (GET) | IP: status.rhscz.eu  [36mload_micro_seconds[0m=4544 [36mmethod[0m=GET [36mtype[0m=handlers [36murl[0m="/api/services/11/failure_data?start=1747260000&end=1755208799&group=24h&fill=true"
[36mINFO[0m[0017] /api/services/10/failure_data?start=1747260000&end=1755208799&group=24h&fill=true (GET) | IP: status.rhscz.eu  [36mload_micro_seconds[0m=3942 [36mmethod[0m=GET [36mtype[0m=handlers [36murl[0m="/api/services/10/failure_data?start=1747260000&end=1755208799&group=24h&fill=true"
[36mINFO[0m[0017] /api/services/14/failure_data?start=1747260000&end=1755208799&group=24h&fill=true (GET) | IP: status.rhscz.eu  [36mload_micro_seconds[0m=3473 [36mmethod[0m=GET [36mtype[0m=handlers [36murl[0m="/api/services/14/failure_data?start=1747260000&end=1755208799&group=24h&fill=true"
[36mINFO[0m[0017] /api/services/13/failure_data?start=1747260000&end=1755208799&group=24h&fill=true (GET) | IP: status.rhscz.eu  [36mload_micro_seconds[0m=5603 [36mmethod[0m=GET [36mtype[0m=handlers [36murl[0m="/api/services/13/failure_data?start=1747260000&end=1755208799&group=24h&fill=true"
[36mINFO[0m[0017] /api/services/15/failure_data?start=1747260000&end=1755208799&group=24h&fill=true (GET) | IP: status.rhscz.eu  [36mload_micro_seconds[0m=3620 [36mmethod[0m=GET [36mtype[0m=handlers [36murl[0m="/api/services/15/failure_data?start=1747260000&end=1755208799&group=24h&fill=true"
[36mINFO[0m[0018] / (GET) | IP: status.rhscz.eu                 [36mload_micro_seconds[0m=639 [36mmethod[0m=GET [36mtype[0m=handlers [36murl[0m=/
[36mINFO[0m[0018] /api (GET) | IP: status.rhscz.eu              [36mload_micro_seconds[0m=93 [36mmethod[0m=GET [36mtype[0m=handlers [36murl[0m=/api
[36mINFO[0m[0018] /api/groups (GET) | IP: status.rhscz.eu       [36mload_micro_seconds[0m=702 [36mmethod[0m=GET [36mtype[0m=handlers [36murl[0m=/api/groups
[36mINFO[0m[0018] /api/services (GET) | IP: status.rhscz.eu     [36mload_micro_seconds[0m=116094 [36mmethod[0m=GET [36mtype[0m=handlers [36murl[0m=/api/services
[36mINFO[0m[0018] /api/messages (GET) | IP: status.rhscz.eu     [36mload_micro_seconds[0m=388 [36mmethod[0m=GET [36mtype[0m=handlers [36murl[0m=/api/messages
[36mINFO[0m[0019] /api/services/18/incidents (GET) | IP: status.rhscz.eu  [36mload_micro_seconds[0m=2532 [36mmethod[0m=GET [36mtype[0m=handlers [36murl[0m=/api/services/18/incidents
[36mINFO[0m[0019] /api/services/19/incidents (GET) | IP: status.rhscz.eu  [36mload_micro_seconds[0m=2426 [36mmethod[0m=GET [36mtype[0m=handlers [36murl[0m=/api/services/19/incidents
[36mINFO[0m[0019] /api/services/11/incidents (GET) | IP: status.rhscz.eu  [36mload_micro_seconds[0m=2144 [36mmethod[0m=GET [36mtype[0m=handlers [36murl[0m=/api/services/11/incidents
[36mINFO[0m[0019] /api/services/12/incidents (GET) | IP: status.rhscz.eu  [36mload_micro_seconds[0m=1981 [36mmethod[0m=GET [36mtype[0m=handlers [36murl[0m=/api/services/12/incidents
[36mINFO[0m[0019] /api/services/10/incidents (GET) | IP: status.rhscz.eu  [36mload_micro_seconds[0m=1661 [36mmethod[0m=GET [36mtype[0m=handlers [36murl[0m=/api/services/10/incidents
[36mINFO[0m[0019] /api/services/14/incidents (GET) | IP: status.rhscz.eu  [36mload_micro_seconds[0m=1857 [36mmethod[0m=GET [36mtype[0m=handlers [36murl[0m=/api/services/14/incidents
[36mINFO[0m[0019] /api/services/15/incidents (GET) | IP: status.rhscz.eu  [36mload_micro_seconds[0m=2139 [36mmethod[0m=GET [36mtype[0m=handlers [36murl[0m=/api/services/15/incidents
[36mINFO[0m[0019] /api/services/13/incidents (GET) | IP: status.rhscz.eu  [36mload_micro_seconds[0m=2252 [36mmethod[0m=GET [36mtype[0m=handlers [36murl[0m=/api/services/13/incidents
[36mINFO[0m[0019] /api/services/16/incidents (GET) | IP: status.rhscz.eu  [36mload_micro_seconds[0m=2059 [36mmethod[0m=GET [36mtype[0m=handlers [36murl[0m=/api/services/16/incidents
[36mINFO[0m[0019] /api/services/17/incidents (GET) | IP: status.rhscz.eu  [36mload_micro_seconds[0m=1786 [36mmethod[0m=GET [36mtype[0m=handlers [36murl[0m=/api/services/17/incidents
[36mINFO[0m[0019] /api/oauth (GET) | IP: status.rhscz.eu        [36mload_micro_seconds[0m=64 [36mmethod[0m=GET [36mtype[0m=handlers [36murl[0m=/api/oauth
[36mINFO[0m[0019] /api/services/18/failure_data?start=1747260000&end=1755208799&group=24h&fill=true (GET) | IP: status.rhscz.eu  [36mload_micro_seconds[0m=4507 [36mmethod[0m=GET [36mtype[0m=handlers [36murl[0m="/api/services/18/failure_data?start=1747260000&end=1755208799&group=24h&fill=true"
[36mINFO[0m[0019] /api/services/19/failure_data?start=1747260000&end=1755208799&group=24h&fill=true (GET) | IP: status.rhscz.eu  [36mload_micro_seconds[0m=5108 [36mmethod[0m=GET [36mtype[0m=handlers [36murl[0m="/api/services/19/failure_data?start=1747260000&end=1755208799&group=24h&fill=true"
[36mINFO[0m[0019] /api/services/12/failure_data?start=1747260000&end=1755208799&group=24h&fill=true (GET) | IP: status.rhscz.eu  [36mload_micro_seconds[0m=4583 [36mmethod[0m=GET [36mtype[0m=handlers [36murl[0m="/api/services/12/failure_data?start=1747260000&end=1755208799&group=24h&fill=true"
[36mINFO[0m[0019] /api/services/11/failure_data?start=1747260000&end=1755208799&group=24h&fill=true (GET) | IP: status.rhscz.eu  [36mload_micro_seconds[0m=5509 [36mmethod[0m=GET [36mtype[0m=handlers [36murl[0m="/api/services/11/failure_data?start=1747260000&end=1755208799&group=24h&fill=true"
[36mINFO[0m[0019] /api/services/10/failure_data?start=1747260000&end=1755208799&group=24h&fill=true (GET) | IP: status.rhscz.eu  [36mload_micro_seconds[0m=3487 [36mmethod[0m=GET [36mtype[0m=handlers [36murl[0m="/api/services/10/failure_data?start=1747260000&end=1755208799&group=24h&fill=true"
[36mINFO[0m[0019] /api/services/14/failure_data?start=1747260000&end=1755208799&group=24h&fill=true (GET) | IP: status.rhscz.eu  [36mload_micro_seconds[0m=2883 [36mmethod[0m=GET [36mtype[0m=handlers [36murl[0m="/api/services/14/failure_data?start=1747260000&end=1755208799&group=24h&fill=true"
[36mINFO[0m[0019] /api/services/13/failure_data?start=1747260000&end=1755208799&group=24h&fill=true (GET) | IP: status.rhscz.eu  [36mload_micro_seconds[0m=3940 [36mmethod[0m=GET [36mtype[0m=handlers [36murl[0m="/api/services/13/failure_data?start=1747260000&end=1755208799&group=24h&fill=true"
[36mINFO[0m[0019] /api/services/15/failure_data?start=1747260000&end=1755208799&group=24h&fill=true (GET) | IP: status.rhscz.eu  [36mload_micro_seconds[0m=3348 [36mmethod[0m=GET [36mtype[0m=handlers [36murl[0m="/api/services/15/failure_data?start=1747260000&end=1755208799&group=24h&fill=true"
[36mINFO[0m[0026] /api/services/16/failure_data?start=1747260000&end=1755208799&group=24h&fill=true (GET) | IP: status.rhscz.eu  [36mload_micro_seconds[0m=5509 [36mmethod[0m=GET [36mtype[0m=handlers [36murl[0m="/api/services/16/failure_data?start=1747260000&end=1755208799&group=24h&fill=true"
[36mINFO[0m[0026] /api/services/17/failure_data?start=1747260000&end=1755208799&group=24h&fill=true (GET) | IP: status.rhscz.eu  [36mload_micro_seconds[0m=4621 [36mmethod[0m=GET [36mtype[0m=handlers [36murl[0m="/api/services/17/failure_data?start=1747260000&end=1755208799&group=24h&fill=true"
[36mINFO[0m[0026] /api/services/18/hits_data?start=1754838000&end=1755100799&group=60m&fill=false (GET) | IP: status.rhscz.eu  [36mload_micro_seconds[0m=3403 [36mmethod[0m=GET [36mtype[0m=handlers [36murl[0m="/api/services/18/hits_data?start=1754838000&end=1755100799&group=60m&fill=false"
[36mINFO[0m[0026] /api/services/18/ping_data?start=1754838000&end=1755100799&group=60m&fill=false (GET) | IP: status.rhscz.eu  [36mload_micro_seconds[0m=2809 [36mmethod[0m=GET [36mtype[0m=handlers [36murl[0m="/api/services/18/ping_data?start=1754838000&end=1755100799&group=60m&fill=false"
[36mINFO[0m[0027] /api/services/19/hits_data?start=1754838000&end=1755100799&group=60m&fill=false (GET) | IP: status.rhscz.eu  [36mload_micro_seconds[0m=4503 [36mmethod[0m=GET [36mtype[0m=handlers [36murl[0m="/api/services/19/hits_data?start=1754838000&end=1755100799&group=60m&fill=false"
[36mINFO[0m[0028] /api/services/19/ping_data?start=1754838000&end=1755100799&group=60m&fill=false (GET) | IP: status.rhscz.eu  [36mload_micro_seconds[0m=4668 [36mmethod[0m=GET [36mtype[0m=handlers [36murl[0m="/api/services/19/ping_data?start=1754838000&end=1755100799&group=60m&fill=false"
[36mINFO[0m[0028] /api/services/11/hits_data?start=1754838000&end=1755100799&group=60m&fill=false (GET) | IP: status.rhscz.eu  [36mload_micro_seconds[0m=4014 [36mmethod[0m=GET [36mtype[0m=handlers [36murl[0m="/api/services/11/hits_data?start=1754838000&end=1755100799&group=60m&fill=false"
[36mINFO[0m[0028] /api/services/11/ping_data?start=1754838000&end=1755100799&group=60m&fill=false (GET) | IP: status.rhscz.eu  [36mload_micro_seconds[0m=9360 [36mmethod[0m=GET [36mtype[0m=handlers [36murl[0m="/api/services/11/ping_data?start=1754838000&end=1755100799&group=60m&fill=false"
[36mINFO[0m[0028] /api/services/12/hits_data?start=1754838000&end=1755100799&group=60m&fill=false (GET) | IP: status.rhscz.eu  [36mload_micro_seconds[0m=3146 [36mmethod[0m=GET [36mtype[0m=handlers [36murl[0m="/api/services/12/hits_data?start=1754838000&end=1755100799&group=60m&fill=false"
[36mINFO[0m[0028] /api/services/12/ping_data?start=1754838000&end=1755100799&group=60m&fill=false (GET) | IP: status.rhscz.eu  [36mload_micro_seconds[0m=2320 [36mmethod[0m=GET [36mtype[0m=handlers [36murl[0m="/api/services/12/ping_data?start=1754838000&end=1755100799&group=60m&fill=false"
[36mINFO[0m[0028] /api/services/10/hits_data?start=1754838000&end=1755100799&group=60m&fill=false (GET) | IP: status.rhscz.eu  [36mload_micro_seconds[0m=3443 [36mmethod[0m=GET [36mtype[0m=handlers [36murl[0m="/api/services/10/hits_data?start=1754838000&end=1755100799&group=60m&fill=false"
[36mINFO[0m[0028] /api/services/10/ping_data?start=1754838000&end=1755100799&group=60m&fill=false (GET) | IP: status.rhscz.eu  [36mload_micro_seconds[0m=2977 [36mmethod[0m=GET [36mtype[0m=handlers [36murl[0m="/api/services/10/ping_data?start=1754838000&end=1755100799&group=60m&fill=false"
[36mINFO[0m[0029] /api/services/14/hits_data?start=1754838000&end=1755100799&group=60m&fill=false (GET) | IP: status.rhscz.eu  [36mload_micro_seconds[0m=3067 [36mmethod[0m=GET [36mtype[0m=handlers [36murl[0m="/api/services/14/hits_data?start=1754838000&end=1755100799&group=60m&fill=false"
[36mINFO[0m[0029] /api/services/14/ping_data?start=1754838000&end=1755100799&group=60m&fill=false (GET) | IP: status.rhscz.eu  [36mload_micro_seconds[0m=3257 [36mmethod[0m=GET [36mtype[0m=handlers [36murl[0m="/api/services/14/ping_data?start=1754838000&end=1755100799&group=60m&fill=false"
[36mINFO[0m[0029] /api/services/13/hits_data?start=1754838000&end=1755100799&group=60m&fill=false (GET) | IP: status.rhscz.eu  [36mload_micro_seconds[0m=3962 [36mmethod[0m=GET [36mtype[0m=handlers [36murl[0m="/api/services/13/hits_data?start=1754838000&end=1755100799&group=60m&fill=false"
[36mINFO[0m[0029] /api/services/13/ping_data?start=1754838000&end=1755100799&group=60m&fill=false (GET) | IP: status.rhscz.eu  [36mload_micro_seconds[0m=3197 [36mmethod[0m=GET [36mtype[0m=handlers [36murl[0m="/api/services/13/ping_data?start=1754838000&end=1755100799&group=60m&fill=false"
[36mINFO[0m[0029] /api/services/15/hits_data?start=1754838000&end=1755100799&group=60m&fill=false (GET) | IP: status.rhscz.eu  [36mload_micro_seconds[0m=3236 [36mmethod[0m=GET [36mtype[0m=handlers [36murl[0m="/api/services/15/hits_data?start=1754838000&end=1755100799&group=60m&fill=false"
[36mINFO[0m[0029] /api/services/15/ping_data?start=1754838000&end=1755100799&group=60m&fill=false (GET) | IP: status.rhscz.eu  [36mload_micro_seconds[0m=3398 [36mmethod[0m=GET [36mtype[0m=handlers [36murl[0m="/api/services/15/ping_data?start=1754838000&end=1755100799&group=60m&fill=false"
[36mINFO[0m[0030] /api/services/16/hits_data?start=1754838000&end=1755100799&group=60m&fill=false (GET) | IP: status.rhscz.eu  [36mload_micro_seconds[0m=3448 [36mmethod[0m=GET [36mtype[0m=handlers [36murl[0m="/api/services/16/hits_data?start=1754838000&end=1755100799&group=60m&fill=false"
[36mINFO[0m[0030] /api/services/16/ping_data?start=1754838000&end=1755100799&group=60m&fill=false (GET) | IP: status.rhscz.eu  [36mload_micro_seconds[0m=3337 [36mmethod[0m=GET [36mtype[0m=handlers [36murl[0m="/api/services/16/ping_data?start=1754838000&end=1755100799&group=60m&fill=false"
[36mINFO[0m[0030] /api/services/17/hits_data?start=1754838000&end=1755100799&group=60m&fill=false (GET) | IP: status.rhscz.eu  [36mload_micro_seconds[0m=4223 [36mmethod[0m=GET [36mtype[0m=handlers [36murl[0m="/api/services/17/hits_data?start=1754838000&end=1755100799&group=60m&fill=false"
[36mINFO[0m[0030] /api/services/17/ping_data?start=1754838000&end=1755100799&group=60m&fill=false (GET) | IP: status.rhscz.eu  [36mload_micro_seconds[0m=3997 [36mmethod[0m=GET [36mtype[0m=handlers [36murl[0m="/api/services/17/ping_data?start=1754838000&end=1755100799&group=60m&fill=false"
[33mWARN[0m[0034] user root not found                           [33mtype[0m=user
[36mINFO[0m[0034] /api/login (POST) | IP: status.rhscz.eu       [36mload_micro_seconds[0m=1608 [36mmethod[0m=POST [36mtype[0m=handlers [36murl[0m=/api/login
[36mINFO[0m[0039] /api/login (POST) | IP: status.rhscz.eu       [36mload_micro_seconds[0m=1070504 [36mmethod[0m=POST [36mtype[0m=handlers [36murl[0m=/api/login
[36mINFO[0m[0055] User rhscz logged in from IP 127.0.0.1:47892  [36mtype[0m=handlers
[36mINFO[0m[0055] /api/login (POST) | IP: status.rhscz.eu       [36mload_micro_seconds[0m=1088419 [36mmethod[0m=POST [36mtype[0m=handlers [36murl[0m=/api/login
[36mINFO[0m[0055] /api/groups (GET) | IP: status.rhscz.eu       [36mload_micro_seconds[0m=912 [36mmethod[0m=GET [36mtype[0m=handlers [36murl[0m=/api/groups
[36mINFO[0m[0056] /api/services (GET) | IP: status.rhscz.eu     [36mload_micro_seconds[0m=130001 [36mmethod[0m=GET [36mtype[0m=handlers [36murl[0m=/api/services
[36mINFO[0m[0056] /api/messages (GET) | IP: status.rhscz.eu     [36mload_micro_seconds[0m=513 [36mmethod[0m=GET [36mtype[0m=handlers [36murl[0m=/api/messages
[36mINFO[0m[0056] /api/checkins (GET) | IP: status.rhscz.eu     [36mload_micro_seconds[0m=497 [36mmethod[0m=GET [36mtype[0m=handlers [36murl[0m=/api/checkins
[36mINFO[0m[0056] /api/notifiers (GET) | IP: status.rhscz.eu    [36mload_micro_seconds[0m=6664 [36mmethod[0m=GET [36mtype[0m=handlers [36murl[0m=/api/notifiers
[36mINFO[0m[0056] /api/users (GET) | IP: status.rhscz.eu        [36mload_micro_seconds[0m=684 [36mmethod[0m=GET [36mtype[0m=handlers [36murl[0m=/api/users
[36mINFO[0m[0056] /api/oauth (GET) | IP: status.rhscz.eu        [36mload_micro_seconds[0m=159 [36mmethod[0m=GET [36mtype[0m=handlers [36murl[0m=/api/oauth
[36mINFO[0m[0056] /css/dashboard.css (GET) | IP: status.rhscz.eu  [36mload_micro_seconds[0m=388 [36mmethod[0m=GET [36mtype[0m=handlers [36murl[0m=/css/dashboard.css
[36mINFO[0m[0056] /js/dashboard.chunk.js (GET) | IP: status.rhscz.eu  [36mload_micro_seconds[0m=710 [36mmethod[0m=GET [36mtype[0m=handlers [36murl[0m=/js/dashboard.chunk.js
[36mINFO[0m[0056] /api/services/18/hits_data?start=1754838000&end=1755122399&group=60m&fill=true (GET) | IP: status.rhscz.eu  [36mload_micro_seconds[0m=4803 [36mmethod[0m=GET [36mtype[0m=handlers [36murl[0m="/api/services/18/hits_data?start=1754838000&end=1755122399&group=60m&fill=true"
[36mINFO[0m[0056] /api/services/19/hits_data?start=1754838000&end=1755122399&group=60m&fill=true (GET) | IP: status.rhscz.eu  [36mload_micro_seconds[0m=4830 [36mmethod[0m=GET [36mtype[0m=handlers [36murl[0m="/api/services/19/hits_data?start=1754838000&end=1755122399&group=60m&fill=true"
[36mINFO[0m[0056] /api/services/11/hits_data?start=1754838000&end=1755122399&group=60m&fill=true (GET) | IP: status.rhscz.eu  [36mload_micro_seconds[0m=4228 [36mmethod[0m=GET [36mtype[0m=handlers [36murl[0m="/api/services/11/hits_data?start=1754838000&end=1755122399&group=60m&fill=true"
[36mINFO[0m[0056] /api/services/12/hits_data?start=1754838000&end=1755122399&group=60m&fill=true (GET) | IP: status.rhscz.eu  [36mload_micro_seconds[0m=3963 [36mmethod[0m=GET [36mtype[0m=handlers [36murl[0m="/api/services/12/hits_data?start=1754838000&end=1755122399&group=60m&fill=true"
[36mINFO[0m[0056] /api/services/10/hits_data?start=1754838000&end=1755122399&group=60m&fill=true (GET) | IP: status.rhscz.eu  [36mload_micro_seconds[0m=3609 [36mmethod[0m=GET [36mtype[0m=handlers [36murl[0m="/api/services/10/hits_data?start=1754838000&end=1755122399&group=60m&fill=true"
[36mINFO[0m[0056] /api/services/18/uptime_data?start=1754776800&end=1755122399 (GET) | IP: status.rhscz.eu  [36mload_micro_seconds[0m=3605 [36mmethod[0m=GET [36mtype[0m=handlers [36murl[0m="/api/services/18/uptime_data?start=1754776800&end=1755122399"
[36mINFO[0m[0056] /api/services/18/incidents (GET) | IP: status.rhscz.eu  [36mload_micro_seconds[0m=2384 [36mmethod[0m=GET [36mtype[0m=handlers [36murl[0m=/api/services/18/incidents
[36mINFO[0m[0056] /api/services/19/incidents (GET) | IP: status.rhscz.eu  [36mload_micro_seconds[0m=2505 [36mmethod[0m=GET [36mtype[0m=handlers [36murl[0m=/api/services/19/incidents
[36mINFO[0m[0056] /api/services/19/uptime_data?start=1754776800&end=1755122399 (GET) | IP: status.rhscz.eu  [36mload_micro_seconds[0m=4453 [36mmethod[0m=GET [36mtype[0m=handlers [36murl[0m="/api/services/19/uptime_data?start=1754776800&end=1755122399"
[36mINFO[0m[0056] /api/services/11/incidents (GET) | IP: status.rhscz.eu  [36mload_micro_seconds[0m=3172 [36mmethod[0m=GET [36mtype[0m=handlers [36murl[0m=/api/services/11/incidents
[31mERRO[0m[0056] sending error response for /api/services/11/uptime_data?start=1754776800&end=1755122399: service does not have any successful hits  [31mcode[0m=200 [31mdevice[0m="map[arch:amd64 num_cpu:4]" [31mmethod[0m=GET [31mos[0m="map[name:linux]" [31mruntime[0m="map[go_maxprocs:4 go_numcgocalls:1 go_numroutines:29 name:go version:go1.20.12]" [31mtype[0m=handlers [31murl[0m="/api/services/11/uptime_data?start=1754776800&end=1755122399"
[36mINFO[0m[0056] /api/services/11/uptime_data?start=1754776800&end=1755122399 (GET) | IP: status.rhscz.eu  [36mload_micro_seconds[0m=5271 [36mmethod[0m=GET [36mtype[0m=handlers [36murl[0m="/api/services/11/uptime_data?start=1754776800&end=1755122399"
[36mINFO[0m[0056] /api/services/12/incidents (GET) | IP: status.rhscz.eu  [36mload_micro_seconds[0m=2926 [36mmethod[0m=GET [36mtype[0m=handlers [36murl[0m=/api/services/12/incidents
[31mERRO[0m[0056] sending error response for /api/services/12/uptime_data?start=1754776800&end=1755122399: service does not have any successful hits  [31mcode[0m=200 [31mdevice[0m="map[arch:amd64 num_cpu:4]" [31mmethod[0m=GET [31mos[0m="map[name:linux]" [31mruntime[0m="map[go_maxprocs:4 go_numcgocalls:1 go_numroutines:29 name:go version:go1.20.12]" [31mtype[0m=handlers [31murl[0m="/api/services/12/uptime_data?start=1754776800&end=1755122399"
[36mINFO[0m[0056] /api/services/12/uptime_data?start=1754776800&end=1755122399 (GET) | IP: status.rhscz.eu  [36mload_micro_seconds[0m=5249 [36mmethod[0m=GET [36mtype[0m=handlers [36murl[0m="/api/services/12/uptime_data?start=1754776800&end=1755122399"
[36mINFO[0m[0056] /api/services/10/incidents (GET) | IP: status.rhscz.eu  [36mload_micro_seconds[0m=3387 [36mmethod[0m=GET [36mtype[0m=handlers [36murl[0m=/api/services/10/incidents
[31mERRO[0m[0056] sending error response for /api/services/10/uptime_data?start=1754776800&end=1755122399: service does not have any successful hits  [31mcode[0m=200 [31mdevice[0m="map[arch:amd64 num_cpu:4]" [31mmethod[0m=GET [31mos[0m="map[name:linux]" [31mruntime[0m="map[go_maxprocs:4 go_numcgocalls:1 go_numroutines:29 name:go version:go1.20.12]" [31mtype[0m=handlers [31murl[0m="/api/services/10/uptime_data?start=1754776800&end=1755122399"
[36mINFO[0m[0056] /api/services/10/uptime_data?start=1754776800&end=1755122399 (GET) | IP: status.rhscz.eu  [36mload_micro_seconds[0m=5709 [36mmethod[0m=GET [36mtype[0m=handlers [36murl[0m="/api/services/10/uptime_data?start=1754776800&end=1755122399"
[36mINFO[0m[0058] /api/services/14/hits_data?start=1754838000&end=1755122399&group=60m&fill=true (GET) | IP: status.rhscz.eu  [36mload_micro_seconds[0m=4273 [36mmethod[0m=GET [36mtype[0m=handlers [36murl[0m="/api/services/14/hits_data?start=1754838000&end=1755122399&group=60m&fill=true"
[36mINFO[0m[0058] /api/services/13/hits_data?start=1754838000&end=1755122399&group=60m&fill=true (GET) | IP: status.rhscz.eu  [36mload_micro_seconds[0m=3421 [36mmethod[0m=GET [36mtype[0m=handlers [36murl[0m="/api/services/13/hits_data?start=1754838000&end=1755122399&group=60m&fill=true"
[36mINFO[0m[0058] /api/services/15/hits_data?start=1754838000&end=1755122399&group=60m&fill=true (GET) | IP: status.rhscz.eu  [36mload_micro_seconds[0m=3161 [36mmethod[0m=GET [36mtype[0m=handlers [36murl[0m="/api/services/15/hits_data?start=1754838000&end=1755122399&group=60m&fill=true"
[36mINFO[0m[0058] /api/services/14/incidents (GET) | IP: status.rhscz.eu  [36mload_micro_seconds[0m=3301 [36mmethod[0m=GET [36mtype[0m=handlers [36murl[0m=/api/services/14/incidents
[31mERRO[0m[0058] sending error response for /api/services/14/uptime_data?start=1754776800&end=1755122399: service does not have any successful hits  [31mcode[0m=200 [31mdevice[0m="map[arch:amd64 num_cpu:4]" [31mmethod[0m=GET [31mos[0m="map[name:linux]" [31mruntime[0m="map[go_maxprocs:4 go_numcgocalls:1 go_numroutines:29 name:go version:go1.20.12]" [31mtype[0m=handlers [31murl[0m="/api/services/14/uptime_data?start=1754776800&end=1755122399"
[36mINFO[0m[0058] /api/services/14/uptime_data?start=1754776800&end=1755122399 (GET) | IP: status.rhscz.eu  [36mload_micro_seconds[0m=4814 [36mmethod[0m=GET [36mtype[0m=handlers [36murl[0m="/api/services/14/uptime_data?start=1754776800&end=1755122399"
[36mINFO[0m[0058] /api/services/13/incidents (GET) | IP: status.rhscz.eu  [36mload_micro_seconds[0m=2274 [36mmethod[0m=GET [36mtype[0m=handlers [36murl[0m=/api/services/13/incidents
[31mERRO[0m[0058] sending error response for /api/services/13/uptime_data?start=1754776800&end=1755122399: service does not have any successful hits  [31mcode[0m=200 [31mdevice[0m="map[arch:amd64 num_cpu:4]" [31mmethod[0m=GET [31mos[0m="map[name:linux]" [31mruntime[0m="map[go_maxprocs:4 go_numcgocalls:1 go_numroutines:29 name:go version:go1.20.12]" [31mtype[0m=handlers [31murl[0m="/api/services/13/uptime_data?start=1754776800&end=1755122399"
[36mINFO[0m[0058] /api/services/13/uptime_data?start=1754776800&end=1755122399 (GET) | IP: status.rhscz.eu  [36mload_micro_seconds[0m=3957 [36mmethod[0m=GET [36mtype[0m=handlers [36murl[0m="/api/services/13/uptime_data?start=1754776800&end=1755122399"
[36mINFO[0m[0059] /api/services/15/incidents (GET) | IP: status.rhscz.eu  [36mload_micro_seconds[0m=2385 [36mmethod[0m=GET [36mtype[0m=handlers [36murl[0m=/api/services/15/incidents
[31mERRO[0m[0059] sending error response for /api/services/15/uptime_data?start=1754776800&end=1755122399: service does not have any successful hits  [31mcode[0m=200 [31mdevice[0m="map[arch:amd64 num_cpu:4]" [31mmethod[0m=GET [31mos[0m="map[name:linux]" [31mruntime[0m="map[go_maxprocs:4 go_numcgocalls:1 go_numroutines:29 name:go version:go1.20.12]" [31mtype[0m=handlers [31murl[0m="/api/services/15/uptime_data?start=1754776800&end=1755122399"
[36mINFO[0m[0059] /api/services/15/uptime_data?start=1754776800&end=1755122399 (GET) | IP: status.rhscz.eu  [36mload_micro_seconds[0m=4166 [36mmethod[0m=GET [36mtype[0m=handlers [36murl[0m="/api/services/15/uptime_data?start=1754776800&end=1755122399"
[36mINFO[0m[0114] /api/users/token (POST) | IP: status.rhscz.eu  [36mload_micro_seconds[0m=98 [36mmethod[0m=POST [36mtype[0m=handlers [36murl[0m=/api/users/token
[36mINFO[0m[0114] /api (GET) | IP: status.rhscz.eu              [36mload_micro_seconds[0m=175 [36mmethod[0m=GET [36mtype[0m=handlers [36murl[0m=/api
[36mINFO[0m[0114] /api/groups (GET) | IP: status.rhscz.eu       [36mload_micro_seconds[0m=888 [36mmethod[0m=GET [36mtype[0m=handlers [36murl[0m=/api/groups
[36mINFO[0m[0114] /api/services (GET) | IP: status.rhscz.eu     [36mload_micro_seconds[0m=121427 [36mmethod[0m=GET [36mtype[0m=handlers [36murl[0m=/api/services
[36mINFO[0m[0114] /api/messages (GET) | IP: status.rhscz.eu     [36mload_micro_seconds[0m=591 [36mmethod[0m=GET [36mtype[0m=handlers [36murl[0m=/api/messages
[36mINFO[0m[0114] /api/checkins (GET) | IP: status.rhscz.eu     [36mload_micro_seconds[0m=525 [36mmethod[0m=GET [36mtype[0m=handlers [36murl[0m=/api/checkins
[36mINFO[0m[0114] /api/services/18/hits_data?start=1754838000&end=1755122399&group=60m&fill=true (GET) | IP: status.rhscz.eu  [36mload_micro_seconds[0m=2709 [36mmethod[0m=GET [36mtype[0m=handlers [36murl[0m="/api/services/18/hits_data?start=1754838000&end=1755122399&group=60m&fill=true"
[36mINFO[0m[0114] /api/services/19/hits_data?start=1754838000&end=1755122399&group=60m&fill=true (GET) | IP: status.rhscz.eu  [36mload_micro_seconds[0m=3330 [36mmethod[0m=GET [36mtype[0m=handlers [36murl[0m="/api/services/19/hits_data?start=1754838000&end=1755122399&group=60m&fill=true"
[36mINFO[0m[0114] /api/services/11/hits_data?start=1754838000&end=1755122399&group=60m&fill=true (GET) | IP: status.rhscz.eu  [36mload_micro_seconds[0m=3035 [36mmethod[0m=GET [36mtype[0m=handlers [36murl[0m="/api/services/11/hits_data?start=1754838000&end=1755122399&group=60m&fill=true"
[36mINFO[0m[0114] /api/services/12/hits_data?start=1754838000&end=1755122399&group=60m&fill=true (GET) | IP: status.rhscz.eu  [36mload_micro_seconds[0m=2689 [36mmethod[0m=GET [36mtype[0m=handlers [36murl[0m="/api/services/12/hits_data?start=1754838000&end=1755122399&group=60m&fill=true"
[36mINFO[0m[0114] /api/services/10/hits_data?start=1754838000&end=1755122399&group=60m&fill=true (GET) | IP: status.rhscz.eu  [36mload_micro_seconds[0m=2664 [36mmethod[0m=GET [36mtype[0m=handlers [36murl[0m="/api/services/10/hits_data?start=1754838000&end=1755122399&group=60m&fill=true"
[36mINFO[0m[0114] /api/services/18/uptime_data?start=1754776800&end=1755122399 (GET) | IP: status.rhscz.eu  [36mload_micro_seconds[0m=5495 [36mmethod[0m=GET [36mtype[0m=handlers [36murl[0m="/api/services/18/uptime_data?start=1754776800&end=1755122399"
[36mINFO[0m[0114] /api/notifiers (GET) | IP: status.rhscz.eu    [36mload_micro_seconds[0m=8276 [36mmethod[0m=GET [36mtype[0m=handlers [36murl[0m=/api/notifiers
[36mINFO[0m[0114] /api/services/18/incidents (GET) | IP: status.rhscz.eu  [36mload_micro_seconds[0m=2248 [36mmethod[0m=GET [36mtype[0m=handlers [36murl[0m=/api/services/18/incidents
[36mINFO[0m[0115] /api/services/19/incidents (GET) | IP: status.rhscz.eu  [36mload_micro_seconds[0m=4258 [36mmethod[0m=GET [36mtype[0m=handlers [36murl[0m=/api/services/19/incidents
[36mINFO[0m[0115] /api/services/19/uptime_data?start=1754776800&end=1755122399 (GET) | IP: status.rhscz.eu  [36mload_micro_seconds[0m=7195 [36mmethod[0m=GET [36mtype[0m=handlers [36murl[0m="/api/services/19/uptime_data?start=1754776800&end=1755122399"
[36mINFO[0m[0115] /api/services/11/incidents (GET) | IP: status.rhscz.eu  [36mload_micro_seconds[0m=2654 [36mmethod[0m=GET [36mtype[0m=handlers [36murl[0m=/api/services/11/incidents
[31mERRO[0m[0115] sending error response for /api/services/11/uptime_data?start=1754776800&end=1755122399: service does not have any successful hits  [31mcode[0m=200 [31mdevice[0m="map[arch:amd64 num_cpu:4]" [31mmethod[0m=GET [31mos[0m="map[name:linux]" [31mruntime[0m="map[go_maxprocs:4 go_numcgocalls:1 go_numroutines:29 name:go version:go1.20.12]" [31mtype[0m=handlers [31murl[0m="/api/services/11/uptime_data?start=1754776800&end=1755122399"
[36mINFO[0m[0115] /api/services/11/uptime_data?start=1754776800&end=1755122399 (GET) | IP: status.rhscz.eu  [36mload_micro_seconds[0m=4901 [36mmethod[0m=GET [36mtype[0m=handlers [36murl[0m="/api/services/11/uptime_data?start=1754776800&end=1755122399"
[36mINFO[0m[0115] /api/services/12/incidents (GET) | IP: status.rhscz.eu  [36mload_micro_seconds[0m=2088 [36mmethod[0m=GET [36mtype[0m=handlers [36murl[0m=/api/services/12/incidents
[31mERRO[0m[0115] sending error response for /api/services/12/uptime_data?start=1754776800&end=1755122399: service does not have any successful hits  [31mcode[0m=200 [31mdevice[0m="map[arch:amd64 num_cpu:4]" [31mmethod[0m=GET [31mos[0m="map[name:linux]" [31mruntime[0m="map[go_maxprocs:4 go_numcgocalls:1 go_numroutines:29 name:go version:go1.20.12]" [31mtype[0m=handlers [31murl[0m="/api/services/12/uptime_data?start=1754776800&end=1755122399"
[36mINFO[0m[0115] /api/services/12/uptime_data?start=1754776800&end=1755122399 (GET) | IP: status.rhscz.eu  [36mload_micro_seconds[0m=4129 [36mmethod[0m=GET [36mtype[0m=handlers [36murl[0m="/api/services/12/uptime_data?start=1754776800&end=1755122399"
[36mINFO[0m[0115] /api/services/10/incidents (GET) | IP: status.rhscz.eu  [36mload_micro_seconds[0m=2857 [36mmethod[0m=GET [36mtype[0m=handlers [36murl[0m=/api/services/10/incidents
[31mERRO[0m[0115] sending error response for /api/services/10/uptime_data?start=1754776800&end=1755122399: service does not have any successful hits  [31mcode[0m=200 [31mdevice[0m="map[arch:amd64 num_cpu:4]" [31mmethod[0m=GET [31mos[0m="map[name:linux]" [31mruntime[0m="map[go_maxprocs:4 go_numcgocalls:1 go_numroutines:29 name:go version:go1.20.12]" [31mtype[0m=handlers [31murl[0m="/api/services/10/uptime_data?start=1754776800&end=1755122399"
[36mINFO[0m[0115] /api/services/10/uptime_data?start=1754776800&end=1755122399 (GET) | IP: status.rhscz.eu  [36mload_micro_seconds[0m=5207 [36mmethod[0m=GET [36mtype[0m=handlers [36murl[0m="/api/services/10/uptime_data?start=1754776800&end=1755122399"
[36mINFO[0m[0115] /api/users (GET) | IP: status.rhscz.eu        [36mload_micro_seconds[0m=675 [36mmethod[0m=GET [36mtype[0m=handlers [36murl[0m=/api/users
[36mINFO[0m[0115] /api/services/14/hits_data?start=1754838000&end=1755122399&group=60m&fill=true (GET) | IP: status.rhscz.eu  [36mload_micro_seconds[0m=3237 [36mmethod[0m=GET [36mtype[0m=handlers [36murl[0m="/api/services/14/hits_data?start=1754838000&end=1755122399&group=60m&fill=true"
[36mINFO[0m[0115] /api/services/13/hits_data?start=1754838000&end=1755122399&group=60m&fill=true (GET) | IP: status.rhscz.eu  [36mload_micro_seconds[0m=3251 [36mmethod[0m=GET [36mtype[0m=handlers [36murl[0m="/api/services/13/hits_data?start=1754838000&end=1755122399&group=60m&fill=true"
[36mINFO[0m[0115] /api/services/15/hits_data?start=1754838000&end=1755122399&group=60m&fill=true (GET) | IP: status.rhscz.eu  [36mload_micro_seconds[0m=2590 [36mmethod[0m=GET [36mtype[0m=handlers [36murl[0m="/api/services/15/hits_data?start=1754838000&end=1755122399&group=60m&fill=true"
[36mINFO[0m[0115] /api/oauth (GET) | IP: status.rhscz.eu        [36mload_micro_seconds[0m=175 [36mmethod[0m=GET [36mtype[0m=handlers [36murl[0m=/api/oauth
[36mINFO[0m[0115] /api/services/14/incidents (GET) | IP: status.rhscz.eu  [36mload_micro_seconds[0m=2679 [36mmethod[0m=GET [36mtype[0m=handlers [36murl[0m=/api/services/14/incidents
[31mERRO[0m[0115] sending error response for /api/services/14/uptime_data?start=1754776800&end=1755122399: service does not have any successful hits  [31mcode[0m=200 [31mdevice[0m="map[arch:amd64 num_cpu:4]" [31mmethod[0m=GET [31mos[0m="map[name:linux]" [31mruntime[0m="map[go_maxprocs:4 go_numcgocalls:1 go_numroutines:29 name:go version:go1.20.12]" [31mtype[0m=handlers [31murl[0m="/api/services/14/uptime_data?start=1754776800&end=1755122399"
[36mINFO[0m[0115] /api/services/14/uptime_data?start=1754776800&end=1755122399 (GET) | IP: status.rhscz.eu  [36mload_micro_seconds[0m=4649 [36mmethod[0m=GET [36mtype[0m=handlers [36murl[0m="/api/services/14/uptime_data?start=1754776800&end=1755122399"
[36mINFO[0m[0115] /api/services/13/incidents (GET) | IP: status.rhscz.eu  [36mload_micro_seconds[0m=2418 [36mmethod[0m=GET [36mtype[0m=handlers [36murl[0m=/api/services/13/incidents
[31mERRO[0m[0115] sending error response for /api/services/13/uptime_data?start=1754776800&end=1755122399: service does not have any successful hits  [31mcode[0m=200 [31mdevice[0m="map[arch:amd64 num_cpu:4]" [31mmethod[0m=GET [31mos[0m="map[name:linux]" [31mruntime[0m="map[go_maxprocs:4 go_numcgocalls:1 go_numroutines:29 name:go version:go1.20.12]" [31mtype[0m=handlers [31murl[0m="/api/services/13/uptime_data?start=1754776800&end=1755122399"
[36mINFO[0m[0115] /api/services/13/uptime_data?start=1754776800&end=1755122399 (GET) | IP: status.rhscz.eu  [36mload_micro_seconds[0m=4004 [36mmethod[0m=GET [36mtype[0m=handlers [36murl[0m="/api/services/13/uptime_data?start=1754776800&end=1755122399"
[36mINFO[0m[0115] /api/services/15/incidents (GET) | IP: status.rhscz.eu  [36mload_micro_seconds[0m=2756 [36mmethod[0m=GET [36mtype[0m=handlers [36murl[0m=/api/services/15/incidents
[31mERRO[0m[0115] sending error response for /api/services/15/uptime_data?start=1754776800&end=1755122399: service does not have any successful hits  [31mcode[0m=200 [31mdevice[0m="map[arch:amd64 num_cpu:4]" [31mmethod[0m=GET [31mos[0m="map[name:linux]" [31mruntime[0m="map[go_maxprocs:4 go_numcgocalls:1 go_numroutines:29 name:go version:go1.20.12]" [31mtype[0m=handlers [31murl[0m="/api/services/15/uptime_data?start=1754776800&end=1755122399"
[36mINFO[0m[0115] /api/services/15/uptime_data?start=1754776800&end=1755122399 (GET) | IP: status.rhscz.eu  [36mload_micro_seconds[0m=4962 [36mmethod[0m=GET [36mtype[0m=handlers [36murl[0m="/api/services/15/uptime_data?start=1754776800&end=1755122399"
[36mINFO[0m[0119] /api/services/12 (GET) | IP: status.rhscz.eu  [36mload_micro_seconds[0m=20094 [36mmethod[0m=GET [36mtype[0m=handlers [36murl[0m=/api/services/12
[36mINFO[0m[0119] /api/services/12/failures?start=1754884347&end=1755100347&limit=64&offset=0 (GET) | IP: status.rhscz.eu  [36mload_micro_seconds[0m=3136 [36mmethod[0m=GET [36mtype[0m=handlers [36murl[0m="/api/services/12/failures?start=1754884347&end=1755100347&limit=64&offset=0"
[36mINFO[0m[0129] /api/services/12/failures (DELETE) | IP: status.rhscz.eu  [36mload_micro_seconds[0m=6363 [36mmethod[0m=DELETE [36mtype[0m=handlers [36murl[0m=/api/services/12/failures
[36mINFO[0m[0129] /api/services/12 (GET) | IP: status.rhscz.eu  [36mload_micro_seconds[0m=15673 [36mmethod[0m=GET [36mtype[0m=handlers [36murl[0m=/api/services/12
[36mINFO[0m[0129] /api/services/12/failures?start=1754884347&end=1755100347&limit=64&offset=0 (GET) | IP: status.rhscz.eu  [36mload_micro_seconds[0m=4359 [36mmethod[0m=GET [36mtype[0m=handlers [36murl[0m="/api/services/12/failures?start=1754884347&end=1755100347&limit=64&offset=0"
[36mINFO[0m[0131] /api/services/18/hits_data?start=1754838000&end=1755122399&group=60m&fill=true (GET) | IP: status.rhscz.eu  [36mload_micro_seconds[0m=4831 [36mmethod[0m=GET [36mtype[0m=handlers [36murl[0m="/api/services/18/hits_data?start=1754838000&end=1755122399&group=60m&fill=true"
[36mINFO[0m[0131] /api/services/19/hits_data?start=1754838000&end=1755122399&group=60m&fill=true (GET) | IP: status.rhscz.eu  [36mload_micro_seconds[0m=3677 [36mmethod[0m=GET [36mtype[0m=handlers [36murl[0m="/api/services/19/hits_data?start=1754838000&end=1755122399&group=60m&fill=true"
[36mINFO[0m[0131] /api/services/11/hits_data?start=1754838000&end=1755122399&group=60m&fill=true (GET) | IP: status.rhscz.eu  [36mload_micro_seconds[0m=3543 [36mmethod[0m=GET [36mtype[0m=handlers [36murl[0m="/api/services/11/hits_data?start=1754838000&end=1755122399&group=60m&fill=true"
[36mINFO[0m[0131] /api/services/12/hits_data?start=1754838000&end=1755122399&group=60m&fill=true (GET) | IP: status.rhscz.eu  [36mload_micro_seconds[0m=3206 [36mmethod[0m=GET [36mtype[0m=handlers [36murl[0m="/api/services/12/hits_data?start=1754838000&end=1755122399&group=60m&fill=true"
[36mINFO[0m[0131] /api/services/10/hits_data?start=1754838000&end=1755122399&group=60m&fill=true (GET) | IP: status.rhscz.eu  [36mload_micro_seconds[0m=2777 [36mmethod[0m=GET [36mtype[0m=handlers [36murl[0m="/api/services/10/hits_data?start=1754838000&end=1755122399&group=60m&fill=true"
[36mINFO[0m[0131] /api/services/18/incidents (GET) | IP: status.rhscz.eu  [36mload_micro_seconds[0m=2341 [36mmethod[0m=GET [36mtype[0m=handlers [36murl[0m=/api/services/18/incidents
[36mINFO[0m[0131] /api/services/18/uptime_data?start=1754776800&end=1755122399 (GET) | IP: status.rhscz.eu  [36mload_micro_seconds[0m=4909 [36mmethod[0m=GET [36mtype[0m=handlers [36murl[0m="/api/services/18/uptime_data?start=1754776800&end=1755122399"
[36mINFO[0m[0131] /api/services/19/incidents (GET) | IP: status.rhscz.eu  [36mload_micro_seconds[0m=2123 [36mmethod[0m=GET [36mtype[0m=handlers [36murl[0m=/api/services/19/incidents
[36mINFO[0m[0131] /api/services/19/uptime_data?start=1754776800&end=1755122399 (GET) | IP: status.rhscz.eu  [36mload_micro_seconds[0m=4644 [36mmethod[0m=GET [36mtype[0m=handlers [36murl[0m="/api/services/19/uptime_data?start=1754776800&end=1755122399"
[36mINFO[0m[0131] /api/services/11/incidents (GET) | IP: status.rhscz.eu  [36mload_micro_seconds[0m=2431 [36mmethod[0m=GET [36mtype[0m=handlers [36murl[0m=/api/services/11/incidents
[31mERRO[0m[0131] sending error response for /api/services/11/uptime_data?start=1754776800&end=1755122399: service does not have any successful hits  [31mcode[0m=200 [31mdevice[0m="map[arch:amd64 num_cpu:4]" [31mmethod[0m=GET [31mos[0m="map[name:linux]" [31mruntime[0m="map[go_maxprocs:4 go_numcgocalls:1 go_numroutines:29 name:go version:go1.20.12]" [31mtype[0m=handlers [31murl[0m="/api/services/11/uptime_data?start=1754776800&end=1755122399"
[36mINFO[0m[0131] /api/services/11/uptime_data?start=1754776800&end=1755122399 (GET) | IP: status.rhscz.eu  [36mload_micro_seconds[0m=5101 [36mmethod[0m=GET [36mtype[0m=handlers [36murl[0m="/api/services/11/uptime_data?start=1754776800&end=1755122399"
[36mINFO[0m[0131] /api/services/12/incidents (GET) | IP: status.rhscz.eu  [36mload_micro_seconds[0m=3122 [36mmethod[0m=GET [36mtype[0m=handlers [36murl[0m=/api/services/12/incidents
[31mERRO[0m[0131] sending error response for /api/services/12/uptime_data?start=1754776800&end=1755122399: service does not have any successful hits  [31mcode[0m=200 [31mdevice[0m="map[arch:amd64 num_cpu:4]" [31mmethod[0m=GET [31mos[0m="map[name:linux]" [31mruntime[0m="map[go_maxprocs:4 go_numcgocalls:1 go_numroutines:29 name:go version:go1.20.12]" [31mtype[0m=handlers [31murl[0m="/api/services/12/uptime_data?start=1754776800&end=1755122399"
[36mINFO[0m[0131] /api/services/12/uptime_data?start=1754776800&end=1755122399 (GET) | IP: status.rhscz.eu  [36mload_micro_seconds[0m=5205 [36mmethod[0m=GET [36mtype[0m=handlers [36murl[0m="/api/services/12/uptime_data?start=1754776800&end=1755122399"
[36mINFO[0m[0131] /api/services/10/incidents (GET) | IP: status.rhscz.eu  [36mload_micro_seconds[0m=2902 [36mmethod[0m=GET [36mtype[0m=handlers [36murl[0m=/api/services/10/incidents
[31mERRO[0m[0131] sending error response for /api/services/10/uptime_data?start=1754776800&end=1755122399: service does not have any successful hits  [31mcode[0m=200 [31mdevice[0m="map[arch:amd64 num_cpu:4]" [31mmethod[0m=GET [31mos[0m="map[name:linux]" [31mruntime[0m="map[go_maxprocs:4 go_numcgocalls:1 go_numroutines:29 name:go version:go1.20.12]" [31mtype[0m=handlers [31murl[0m="/api/services/10/uptime_data?start=1754776800&end=1755122399"
[36mINFO[0m[0131] /api/services/10/uptime_data?start=1754776800&end=1755122399 (GET) | IP: status.rhscz.eu  [36mload_micro_seconds[0m=4722 [36mmethod[0m=GET [36mtype[0m=handlers [36murl[0m="/api/services/10/uptime_data?start=1754776800&end=1755122399"
[36mINFO[0m[0131] /api/services/14/hits_data?start=1754838000&end=1755122399&group=60m&fill=true (GET) | IP: status.rhscz.eu  [36mload_micro_seconds[0m=3582 [36mmethod[0m=GET [36mtype[0m=handlers [36murl[0m="/api/services/14/hits_data?start=1754838000&end=1755122399&group=60m&fill=true"
[36mINFO[0m[0131] /api/services/13/hits_data?start=1754838000&end=1755122399&group=60m&fill=true (GET) | IP: status.rhscz.eu  [36mload_micro_seconds[0m=2680 [36mmethod[0m=GET [36mtype[0m=handlers [36murl[0m="/api/services/13/hits_data?start=1754838000&end=1755122399&group=60m&fill=true"
[36mINFO[0m[0131] /api/services/15/hits_data?start=1754838000&end=1755122399&group=60m&fill=true (GET) | IP: status.rhscz.eu  [36mload_micro_seconds[0m=2834 [36mmethod[0m=GET [36mtype[0m=handlers [36murl[0m="/api/services/15/hits_data?start=1754838000&end=1755122399&group=60m&fill=true"
[36mINFO[0m[0131] /api/services/14/incidents (GET) | IP: status.rhscz.eu  [36mload_micro_seconds[0m=2284 [36mmethod[0m=GET [36mtype[0m=handlers [36murl[0m=/api/services/14/incidents
[31mERRO[0m[0131] sending error response for /api/services/14/uptime_data?start=1754776800&end=1755122399: service does not have any successful hits  [31mcode[0m=200 [31mdevice[0m="map[arch:amd64 num_cpu:4]" [31mmethod[0m=GET [31mos[0m="map[name:linux]" [31mruntime[0m="map[go_maxprocs:4 go_numcgocalls:1 go_numroutines:29 name:go version:go1.20.12]" [31mtype[0m=handlers [31murl[0m="/api/services/14/uptime_data?start=1754776800&end=1755122399"
[36mINFO[0m[0131] /api/services/14/uptime_data?start=1754776800&end=1755122399 (GET) | IP: status.rhscz.eu  [36mload_micro_seconds[0m=4980 [36mmethod[0m=GET [36mtype[0m=handlers [36murl[0m="/api/services/14/uptime_data?start=1754776800&end=1755122399"
[36mINFO[0m[0132] /api/services/13/incidents (GET) | IP: status.rhscz.eu  [36mload_micro_seconds[0m=4330 [36mmethod[0m=GET [36mtype[0m=handlers [36murl[0m=/api/services/13/incidents
[31mERRO[0m[0132] sending error response for /api/services/13/uptime_data?start=1754776800&end=1755122399: service does not have any successful hits  [31mcode[0m=200 [31mdevice[0m="map[arch:amd64 num_cpu:4]" [31mmethod[0m=GET [31mos[0m="map[name:linux]" [31mruntime[0m="map[go_maxprocs:4 go_numcgocalls:1 go_numroutines:31 name:go version:go1.20.12]" [31mtype[0m=handlers [31murl[0m="/api/services/13/uptime_data?start=1754776800&end=1755122399"
[36mINFO[0m[0132] /api/services/13/uptime_data?start=1754776800&end=1755122399 (GET) | IP: status.rhscz.eu  [36mload_micro_seconds[0m=6470 [36mmethod[0m=GET [36mtype[0m=handlers [36murl[0m="/api/services/13/uptime_data?start=1754776800&end=1755122399"
[36mINFO[0m[0132] /api/services/15/incidents (GET) | IP: status.rhscz.eu  [36mload_micro_seconds[0m=2286 [36mmethod[0m=GET [36mtype[0m=handlers [36murl[0m=/api/services/15/incidents
[31mERRO[0m[0132] sending error response for /api/services/15/uptime_data?start=1754776800&end=1755122399: service does not have any successful hits  [31mcode[0m=200 [31mdevice[0m="map[arch:amd64 num_cpu:4]" [31mmethod[0m=GET [31mos[0m="map[name:linux]" [31mruntime[0m="map[go_maxprocs:4 go_numcgocalls:1 go_numroutines:29 name:go version:go1.20.12]" [31mtype[0m=handlers [31murl[0m="/api/services/15/uptime_data?start=1754776800&end=1755122399"
[36mINFO[0m[0132] /api/services/15/uptime_data?start=1754776800&end=1755122399 (GET) | IP: status.rhscz.eu  [36mload_micro_seconds[0m=4035 [36mmethod[0m=GET [36mtype[0m=handlers [36murl[0m="/api/services/15/uptime_data?start=1754776800&end=1755122399"
[36mINFO[0m[0132] /api/services/16/hits_data?start=1754838000&end=1755122399&group=60m&fill=true (GET) | IP: status.rhscz.eu  [36mload_micro_seconds[0m=3760 [36mmethod[0m=GET [36mtype[0m=handlers [36murl[0m="/api/services/16/hits_data?start=1754838000&end=1755122399&group=60m&fill=true"
[36mINFO[0m[0132] /api/services/17/hits_data?start=1754838000&end=1755122399&group=60m&fill=true (GET) | IP: status.rhscz.eu  [36mload_micro_seconds[0m=3008 [36mmethod[0m=GET [36mtype[0m=handlers [36murl[0m="/api/services/17/hits_data?start=1754838000&end=1755122399&group=60m&fill=true"
[36mINFO[0m[0132] /api/services/16/incidents (GET) | IP: status.rhscz.eu  [36mload_micro_seconds[0m=6887 [36mmethod[0m=GET [36mtype[0m=handlers [36murl[0m=/api/services/16/incidents
[31mERRO[0m[0132] sending error response for /api/services/16/uptime_data?start=1754776800&end=1755122399: service does not have any successful hits  [31mcode[0m=200 [31mdevice[0m="map[arch:amd64 num_cpu:4]" [31mmethod[0m=GET [31mos[0m="map[name:linux]" [31mruntime[0m="map[go_maxprocs:4 go_numcgocalls:1 go_numroutines:29 name:go version:go1.20.12]" [31mtype[0m=handlers [31murl[0m="/api/services/16/uptime_data?start=1754776800&end=1755122399"
[36mINFO[0m[0132] /api/services/16/uptime_data?start=1754776800&end=1755122399 (GET) | IP: status.rhscz.eu  [36mload_micro_seconds[0m=9756 [36mmethod[0m=GET [36mtype[0m=handlers [36murl[0m="/api/services/16/uptime_data?start=1754776800&end=1755122399"
[36mINFO[0m[0132] /api/services/17/incidents (GET) | IP: status.rhscz.eu  [36mload_micro_seconds[0m=2741 [36mmethod[0m=GET [36mtype[0m=handlers [36murl[0m=/api/services/17/incidents
[31mERRO[0m[0132] sending error response for /api/services/17/uptime_data?start=1754776800&end=1755122399: service does not have any successful hits  [31mcode[0m=200 [31mdevice[0m="map[arch:amd64 num_cpu:4]" [31mmethod[0m=GET [31mos[0m="map[name:linux]" [31mruntime[0m="map[go_maxprocs:4 go_numcgocalls:1 go_numroutines:29 name:go version:go1.20.12]" [31mtype[0m=handlers [31murl[0m="/api/services/17/uptime_data?start=1754776800&end=1755122399"
[36mINFO[0m[0132] /api/services/17/uptime_data?start=1754776800&end=1755122399 (GET) | IP: status.rhscz.eu  [36mload_micro_seconds[0m=4644 [36mmethod[0m=GET [36mtype[0m=handlers [36murl[0m="/api/services/17/uptime_data?start=1754776800&end=1755122399"
[36mINFO[0m[0135] /api/services/16/hits_data?start=1754258400&end=1755122399&group=15m&fill=false (GET) | IP: status.rhscz.eu  [36mload_micro_seconds[0m=6009 [36mmethod[0m=GET [36mtype[0m=handlers [36murl[0m="/api/services/16/hits_data?start=1754258400&end=1755122399&group=15m&fill=false"
[36mINFO[0m[0135] /api/services/16/failure_data?start=1753999200&end=1756591200&group=24h&fill=true (GET) | IP: status.rhscz.eu  [36mload_micro_seconds[0m=7261 [36mmethod[0m=GET [36mtype[0m=handlers [36murl[0m="/api/services/16/failure_data?start=1753999200&end=1756591200&group=24h&fill=true"
[36mINFO[0m[0135] /api/services/16/hits_data?start=1754258400&end=1755122399&group=15m&fill=false (GET) | IP: status.rhscz.eu  [36mload_micro_seconds[0m=5178 [36mmethod[0m=GET [36mtype[0m=handlers [36murl[0m="/api/services/16/hits_data?start=1754258400&end=1755122399&group=15m&fill=false"
[36mINFO[0m[0135] /api/services/16/failure_data?start=NaN&end=NaN&group=15m&fill=true (GET) | IP: status.rhscz.eu  [36mload_micro_seconds[0m=7381 [36mmethod[0m=GET [36mtype[0m=handlers [36murl[0m="/api/services/16/failure_data?start=NaN&end=NaN&group=15m&fill=true"
[36mINFO[0m[0135] /api/services/16/failure_data?start=1754258400&end=1755122399&group=15m&fill=true (GET) | IP: status.rhscz.eu  [36mload_micro_seconds[0m=3769 [36mmethod[0m=GET [36mtype[0m=handlers [36murl[0m="/api/services/16/failure_data?start=1754258400&end=1755122399&group=15m&fill=true"
[36mINFO[0m[0135] /api/services/16/failure_data?start=1751320800&end=1753912800&group=24h&fill=true (GET) | IP: status.rhscz.eu  [36mload_micro_seconds[0m=3494 [36mmethod[0m=GET [36mtype[0m=handlers [36murl[0m="/api/services/16/failure_data?start=1751320800&end=1753912800&group=24h&fill=true"
[36mINFO[0m[0135] /api/services/16/ping_data?start=1754258400&end=1755122399&group=15m&fill=false (GET) | IP: status.rhscz.eu  [36mload_micro_seconds[0m=2501 [36mmethod[0m=GET [36mtype[0m=handlers [36murl[0m="/api/services/16/ping_data?start=1754258400&end=1755122399&group=15m&fill=false"
[31mERRO[0m[0135] sending error response for /api/services/16/uptime_data?start=1754258400&end=1755122399: service does not have any successful hits  [31mcode[0m=200 [31mdevice[0m="map[arch:amd64 num_cpu:4]" [31mmethod[0m=GET [31mos[0m="map[name:linux]" [31mruntime[0m="map[go_maxprocs:4 go_numcgocalls:1 go_numroutines:29 name:go version:go1.20.12]" [31mtype[0m=handlers [31murl[0m="/api/services/16/uptime_data?start=1754258400&end=1755122399"
[36mINFO[0m[0135] /api/services/16/uptime_data?start=1754258400&end=1755122399 (GET) | IP: status.rhscz.eu  [36mload_micro_seconds[0m=5593 [36mmethod[0m=GET [36mtype[0m=handlers [36murl[0m="/api/services/16/uptime_data?start=1754258400&end=1755122399"
[36mINFO[0m[0135] /api/services/16/failure_data?start=1748728800&end=1751234400&group=24h&fill=true (GET) | IP: status.rhscz.eu  [36mload_micro_seconds[0m=2813 [36mmethod[0m=GET [36mtype[0m=handlers [36murl[0m="/api/services/16/failure_data?start=1748728800&end=1751234400&group=24h&fill=true"
[36mINFO[0m[0147] /api/services/14/hits_data?start=1754838000&end=1755122399&group=60m&fill=true (GET) | IP: status.rhscz.eu  [36mload_micro_seconds[0m=2515 [36mmethod[0m=GET [36mtype[0m=handlers [36murl[0m="/api/services/14/hits_data?start=1754838000&end=1755122399&group=60m&fill=true"
[36mINFO[0m[0147] /api/services/15/hits_data?start=1754838000&end=1755122399&group=60m&fill=true (GET) | IP: status.rhscz.eu  [36mload_micro_seconds[0m=4266 [36mmethod[0m=GET [36mtype[0m=handlers [36murl[0m="/api/services/15/hits_data?start=1754838000&end=1755122399&group=60m&fill=true"
[36mINFO[0m[0147] /api/services/16/hits_data?start=1754838000&end=1755122399&group=60m&fill=true (GET) | IP: status.rhscz.eu  [36mload_micro_seconds[0m=4855 [36mmethod[0m=GET [36mtype[0m=handlers [36murl[0m="/api/services/16/hits_data?start=1754838000&end=1755122399&group=60m&fill=true"
[36mINFO[0m[0147] /api/services/17/hits_data?start=1754838000&end=1755122399&group=60m&fill=true (GET) | IP: status.rhscz.eu  [36mload_micro_seconds[0m=5323 [36mmethod[0m=GET [36mtype[0m=handlers [36murl[0m="/api/services/17/hits_data?start=1754838000&end=1755122399&group=60m&fill=true"
[36mINFO[0m[0147] /api/services/13/hits_data?start=1754838000&end=1755122399&group=60m&fill=true (GET) | IP: status.rhscz.eu  [36mload_micro_seconds[0m=5496 [36mmethod[0m=GET [36mtype[0m=handlers [36murl[0m="/api/services/13/hits_data?start=1754838000&end=1755122399&group=60m&fill=true"
[36mINFO[0m[0147] /api/services/14/incidents (GET) | IP: status.rhscz.eu  [36mload_micro_seconds[0m=2098 [36mmethod[0m=GET [36mtype[0m=handlers [36murl[0m=/api/services/14/incidents
[31mERRO[0m[0147] sending error response for /api/services/14/uptime_data?start=1754776800&end=1755122399: service does not have any successful hits  [31mcode[0m=200 [31mdevice[0m="map[arch:amd64 num_cpu:4]" [31mmethod[0m=GET [31mos[0m="map[name:linux]" [31mruntime[0m="map[go_maxprocs:4 go_numcgocalls:1 go_numroutines:29 name:go version:go1.20.12]" [31mtype[0m=handlers [31murl[0m="/api/services/14/uptime_data?start=1754776800&end=1755122399"
[36mINFO[0m[0147] /api/services/14/uptime_data?start=1754776800&end=1755122399 (GET) | IP: status.rhscz.eu  [36mload_micro_seconds[0m=4521 [36mmethod[0m=GET [36mtype[0m=handlers [36murl[0m="/api/services/14/uptime_data?start=1754776800&end=1755122399"
[36mINFO[0m[0147] /api/services/15/incidents (GET) | IP: status.rhscz.eu  [36mload_micro_seconds[0m=2041 [36mmethod[0m=GET [36mtype[0m=handlers [36murl[0m=/api/services/15/incidents
[31mERRO[0m[0147] sending error response for /api/services/15/uptime_data?start=1754776800&end=1755122399: service does not have any successful hits  [31mcode[0m=200 [31mdevice[0m="map[arch:amd64 num_cpu:4]" [31mmethod[0m=GET [31mos[0m="map[name:linux]" [31mruntime[0m="map[go_maxprocs:4 go_numcgocalls:1 go_numroutines:29 name:go version:go1.20.12]" [31mtype[0m=handlers [31murl[0m="/api/services/15/uptime_data?start=1754776800&end=1755122399"
[36mINFO[0m[0147] /api/services/15/uptime_data?start=1754776800&end=1755122399 (GET) | IP: status.rhscz.eu  [36mload_micro_seconds[0m=4511 [36mmethod[0m=GET [36mtype[0m=handlers [36murl[0m="/api/services/15/uptime_data?start=1754776800&end=1755122399"
[36mINFO[0m[0147] /api/services/16/incidents (GET) | IP: status.rhscz.eu  [36mload_micro_seconds[0m=2292 [36mmethod[0m=GET [36mtype[0m=handlers [36murl[0m=/api/services/16/incidents
[31mERRO[0m[0147] sending error response for /api/services/16/uptime_data?start=1754776800&end=1755122399: service does not have any successful hits  [31mcode[0m=200 [31mdevice[0m="map[arch:amd64 num_cpu:4]" [31mmethod[0m=GET [31mos[0m="map[name:linux]" [31mruntime[0m="map[go_maxprocs:4 go_numcgocalls:1 go_numroutines:29 name:go version:go1.20.12]" [31mtype[0m=handlers [31murl[0m="/api/services/16/uptime_data?start=1754776800&end=1755122399"
[36mINFO[0m[0147] /api/services/16/uptime_data?start=1754776800&end=1755122399 (GET) | IP: status.rhscz.eu  [36mload_micro_seconds[0m=4492 [36mmethod[0m=GET [36mtype[0m=handlers [36murl[0m="/api/services/16/uptime_data?start=1754776800&end=1755122399"
[36mINFO[0m[0147] /api/services/17/incidents (GET) | IP: status.rhscz.eu  [36mload_micro_seconds[0m=2027 [36mmethod[0m=GET [36mtype[0m=handlers [36murl[0m=/api/services/17/incidents
[31mERRO[0m[0147] sending error response for /api/services/17/uptime_data?start=1754776800&end=1755122399: service does not have any successful hits  [31mcode[0m=200 [31mdevice[0m="map[arch:amd64 num_cpu:4]" [31mmethod[0m=GET [31mos[0m="map[name:linux]" [31mruntime[0m="map[go_maxprocs:4 go_numcgocalls:1 go_numroutines:29 name:go version:go1.20.12]" [31mtype[0m=handlers [31murl[0m="/api/services/17/uptime_data?start=1754776800&end=1755122399"
[36mINFO[0m[0147] /api/services/17/uptime_data?start=1754776800&end=1755122399 (GET) | IP: status.rhscz.eu  [36mload_micro_seconds[0m=4421 [36mmethod[0m=GET [36mtype[0m=handlers [36murl[0m="/api/services/17/uptime_data?start=1754776800&end=1755122399"
[36mINFO[0m[0147] /api/services/13/incidents (GET) | IP: status.rhscz.eu  [36mload_micro_seconds[0m=2691 [36mmethod[0m=GET [36mtype[0m=handlers [36murl[0m=/api/services/13/incidents
[31mERRO[0m[0147] sending error response for /api/services/13/uptime_data?start=1754776800&end=1755122399: service does not have any successful hits  [31mcode[0m=200 [31mdevice[0m="map[arch:amd64 num_cpu:4]" [31mmethod[0m=GET [31mos[0m="map[name:linux]" [31mruntime[0m="map[go_maxprocs:4 go_numcgocalls:1 go_numroutines:29 name:go version:go1.20.12]" [31mtype[0m=handlers [31murl[0m="/api/services/13/uptime_data?start=1754776800&end=1755122399"
[36mINFO[0m[0147] /api/services/13/uptime_data?start=1754776800&end=1755122399 (GET) | IP: status.rhscz.eu  [36mload_micro_seconds[0m=4797 [36mmethod[0m=GET [36mtype[0m=handlers [36murl[0m="/api/services/13/uptime_data?start=1754776800&end=1755122399"
[36mINFO[0m[0148] /api/services/11/hits_data?start=1754838000&end=1755122399&group=60m&fill=true (GET) | IP: status.rhscz.eu  [36mload_micro_seconds[0m=4455 [36mmethod[0m=GET [36mtype[0m=handlers [36murl[0m="/api/services/11/hits_data?start=1754838000&end=1755122399&group=60m&fill=true"
[36mINFO[0m[0148] /api/services/10/hits_data?start=1754838000&end=1755122399&group=60m&fill=true (GET) | IP: status.rhscz.eu  [36mload_micro_seconds[0m=3245 [36mmethod[0m=GET [36mtype[0m=handlers [36murl[0m="/api/services/10/hits_data?start=1754838000&end=1755122399&group=60m&fill=true"
[36mINFO[0m[0148] /api/services/12/hits_data?start=1754838000&end=1755122399&group=60m&fill=true (GET) | IP: status.rhscz.eu  [36mload_micro_seconds[0m=3841 [36mmethod[0m=GET [36mtype[0m=handlers [36murl[0m="/api/services/12/hits_data?start=1754838000&end=1755122399&group=60m&fill=true"
[36mINFO[0m[0148] /api/services/11/incidents (GET) | IP: status.rhscz.eu  [36mload_micro_seconds[0m=3044 [36mmethod[0m=GET [36mtype[0m=handlers [36murl[0m=/api/services/11/incidents
[31mERRO[0m[0148] sending error response for /api/services/11/uptime_data?start=1754776800&end=1755122399: service does not have any successful hits  [31mcode[0m=200 [31mdevice[0m="map[arch:amd64 num_cpu:4]" [31mmethod[0m=GET [31mos[0m="map[name:linux]" [31mruntime[0m="map[go_maxprocs:4 go_numcgocalls:1 go_numroutines:29 name:go version:go1.20.12]" [31mtype[0m=handlers [31murl[0m="/api/services/11/uptime_data?start=1754776800&end=1755122399"
[36mINFO[0m[0148] /api/services/11/uptime_data?start=1754776800&end=1755122399 (GET) | IP: status.rhscz.eu  [36mload_micro_seconds[0m=4827 [36mmethod[0m=GET [36mtype[0m=handlers [36murl[0m="/api/services/11/uptime_data?start=1754776800&end=1755122399"
[36mINFO[0m[0148] /api/services/10/incidents (GET) | IP: status.rhscz.eu  [36mload_micro_seconds[0m=2752 [36mmethod[0m=GET [36mtype[0m=handlers [36murl[0m=/api/services/10/incidents
[31mERRO[0m[0148] sending error response for /api/services/10/uptime_data?start=1754776800&end=1755122399: service does not have any successful hits  [31mcode[0m=200 [31mdevice[0m="map[arch:amd64 num_cpu:4]" [31mmethod[0m=GET [31mos[0m="map[name:linux]" [31mruntime[0m="map[go_maxprocs:4 go_numcgocalls:1 go_numroutines:29 name:go version:go1.20.12]" [31mtype[0m=handlers [31murl[0m="/api/services/10/uptime_data?start=1754776800&end=1755122399"
[36mINFO[0m[0148] /api/services/10/uptime_data?start=1754776800&end=1755122399 (GET) | IP: status.rhscz.eu  [36mload_micro_seconds[0m=5004 [36mmethod[0m=GET [36mtype[0m=handlers [36murl[0m="/api/services/10/uptime_data?start=1754776800&end=1755122399"
[36mINFO[0m[0148] /api/services/12/incidents (GET) | IP: status.rhscz.eu  [36mload_micro_seconds[0m=2651 [36mmethod[0m=GET [36mtype[0m=handlers [36murl[0m=/api/services/12/incidents
[31mERRO[0m[0148] sending error response for /api/services/12/uptime_data?start=1754776800&end=1755122399: service does not have any successful hits  [31mcode[0m=200 [31mdevice[0m="map[arch:amd64 num_cpu:4]" [31mmethod[0m=GET [31mos[0m="map[name:linux]" [31mruntime[0m="map[go_maxprocs:4 go_numcgocalls:1 go_numroutines:29 name:go version:go1.20.12]" [31mtype[0m=handlers [31murl[0m="/api/services/12/uptime_data?start=1754776800&end=1755122399"
[36mINFO[0m[0148] /api/services/12/uptime_data?start=1754776800&end=1755122399 (GET) | IP: status.rhscz.eu  [36mload_micro_seconds[0m=4972 [36mmethod[0m=GET [36mtype[0m=handlers [36murl[0m="/api/services/12/uptime_data?start=1754776800&end=1755122399"
[36mINFO[0m[0148] /api/services/19/hits_data?start=1754838000&end=1755122399&group=60m&fill=true (GET) | IP: status.rhscz.eu  [36mload_micro_seconds[0m=3972 [36mmethod[0m=GET [36mtype[0m=handlers [36murl[0m="/api/services/19/hits_data?start=1754838000&end=1755122399&group=60m&fill=true"
[36mINFO[0m[0148] /api/services/18/hits_data?start=1754838000&end=1755122399&group=60m&fill=true (GET) | IP: status.rhscz.eu  [36mload_micro_seconds[0m=4591 [36mmethod[0m=GET [36mtype[0m=handlers [36murl[0m="/api/services/18/hits_data?start=1754838000&end=1755122399&group=60m&fill=true"
[36mINFO[0m[0149] /api/services/19/uptime_data?start=1754776800&end=1755122399 (GET) | IP: status.rhscz.eu  [36mload_micro_seconds[0m=6100 [36mmethod[0m=GET [36mtype[0m=handlers [36murl[0m="/api/services/19/uptime_data?start=1754776800&end=1755122399"
[36mINFO[0m[0149] /api/services/19/incidents (GET) | IP: status.rhscz.eu  [36mload_micro_seconds[0m=3855 [36mmethod[0m=GET [36mtype[0m=handlers [36murl[0m=/api/services/19/incidents
[36mINFO[0m[0149] /api/services/18/incidents (GET) | IP: status.rhscz.eu  [36mload_micro_seconds[0m=2288 [36mmethod[0m=GET [36mtype[0m=handlers [36murl[0m=/api/services/18/incidents
[36mINFO[0m[0149] /api/services/18/uptime_data?start=1754776800&end=1755122399 (GET) | IP: status.rhscz.eu  [36mload_micro_seconds[0m=4571 [36mmethod[0m=GET [36mtype[0m=handlers [36murl[0m="/api/services/18/uptime_data?start=1754776800&end=1755122399"
